<?xml version="1.0" encoding="UTF-8"?>
<!-- Generated by org.testng.reporters.JUnitXMLReporter -->
<testsuite ignored="0" hostname="SPMUMLAP-0060" failures="0" tests="23" name="Default test" time="139.796" errors="0" timestamp="2025-03-14T16:51:26 IST">
  <testcase classname="com.test.AllScenarios_EG_TC" name="RUNALL" time="0.014"/>
  <testcase classname="com.test.AllScenarios_EG_TC" name="RUNALL" time="0.002"/>
  <testcase classname="com.test.AllScenarios_EG_TC" name="RUNALL" time="0.002"/>
  <testcase classname="com.test.AllScenarios_EG_TC" name="RUNALL" time="0.001"/>
  <testcase classname="com.test.AllScenarios_EG_TC" name="RUNALL" time="0.008"/>
  <testcase classname="com.test.AllScenarios_EG_TC" name="RUNALL" time="0.002"/>
  <testcase classname="com.test.AllScenarios_EG_TC" name="RUNALL" time="0.001"/>
  <testcase classname="com.test.AllScenarios_EG_TC" name="RUNALL" time="0.001"/>
  <testcase classname="com.test.AllScenarios_EG_TC" name="RUNALL" time="0.001"/>
  <testcase classname="com.test.AllScenarios_EG_TC" name="RUNALL" time="0.002"/>
  <testcase classname="com.test.AllScenarios_EG_TC" name="RUNALL" time="0.001"/>
  <testcase classname="com.test.AllScenarios_EG_TC" name="RUNALL" time="0.001"/>
  <testcase classname="com.test.AllScenarios_EG_TC" name="RUNALL" time="0.002"/>
  <testcase classname="com.test.AllScenarios_EG_TC" name="RUNALL" time="0.005"/>
  <testcase classname="com.test.AllScenarios_EG_TC" name="RUNALL" time="139.044"/>
  <testcase classname="com.test.AllScenarios_EG_TC" name="RUNALL" time="0.002"/>
  <testcase classname="com.test.AllScenarios_EG_TC" name="RUNALL" time="0.002"/>
  <testcase classname="com.test.AllScenarios_EG_TC" name="RUNALL" time="0.001"/>
  <testcase classname="com.test.AllScenarios_EG_TC" name="RUNALL" time="0.002"/>
  <testcase classname="com.test.AllScenarios_EG_TC" name="RUNALL" time="0.0"/>
  <testcase classname="com.test.AllScenarios_EG_TC" name="RUNALL" time="0.002"/>
  <testcase classname="com.test.AllScenarios_EG_TC" name="RUNALL" time="0.001"/>
  <testcase classname="com.test.AllScenarios_EG_TC" name="RUNALL" time="0.002"/>
</testsuite> <!-- Default test -->
